\BOOKMARK [0][-]{chapter*.2}{\376\377\000P\000o\000v\000z\000e\000t\000e\000k}{}% 1
\BOOKMARK [0][-]{chapter*.3}{\376\377\000A\000b\000s\000t\000r\000a\000c\000t}{}% 2
\BOOKMARK [0][-]{chapter.1}{\376\377\000\040\000P\000e\000r\000m\000u\000t\000a\000c\000i\000j\000e\000\040}{}% 3
\BOOKMARK [0][-]{chapter.2}{\376\377\000\040\000I\000n\000v\000e\000r\000z\000i\000j\000e\000\040}{}% 4
\BOOKMARK [0][-]{chapter.3}{\376\377\000\040\000G\000r\000a\000f\000\040\000i\000n\000v\000e\000r\000z\000i\000j\000\040}{}% 5
\BOOKMARK [0][-]{chapter.4}{\376\377\000\040\000G\000r\000a\000f\000\040\000t\000e\000k\000m\000o\000v\000a\000l\000n\000o\000s\000t\000i\000\040}{}% 6
\BOOKMARK [0][-]{chapter.5}{\376\377\000\040\000A\000l\000g\000o\000r\000i\000t\000e\000m\000\040\000z\000a\000\040\000i\000z\000r\000a\001\015\000u\000n\000\040\000m\000n\000o\001\176\000i\000c\000e\000\040\000t\000e\000k\000m\000o\000v\000a\000l\000c\000e\000v\000,\000\040\000k\000i\000\040\000s\000l\000e\000j\000k\000o\000p\000r\000e\000j\000\040\000t\000e\000k\000m\000u\000j\000e\000j\000o\000\040}{}% 7
\BOOKMARK [0][-]{chapter.6}{\376\377\000U\000v\000o\000d}{}% 8
\BOOKMARK [0][-]{chapter.7}{\376\377\000O\000s\000n\000o\000v\000n\000i\000\040\000g\000r\000a\000d\000n\000i\000k\000i\000\040\000L\000a\000T\000e\000X\000a}{}% 9
\BOOKMARK [0][-]{chapter.8}{\376\377\000M\000a\000t\000e\000m\000a\000t\000i\001\015\000n\000o\000\040\000o\000k\000o\000l\000j\000e\000\040\000i\000n\000\040\000s\000k\000l\000i\000c\000e\000v\000a\000n\000j\000e\000\040\000n\000a\000\040\000b\000e\000s\000e\000d\000i\000l\000n\000e\000\040\000k\000o\000n\000s\000t\000r\000u\000k\000t\000e}{}% 10
\BOOKMARK [0][-]{chapter.9}{\376\377\000P\000l\000o\000v\000k\000e\000:\000\040\000s\000l\000i\000k\000e\000\040\000i\000n\000\040\000t\000a\000b\000e\000l\000e}{}% 11
\BOOKMARK [1][-]{section.9.1}{\376\377\000F\000o\000r\000m\000a\000t\000i\000\040\000s\000l\000i\000k}{chapter.9}% 12
\BOOKMARK [0][-]{chapter.10}{\376\377\000S\000t\000r\000u\000k\000t\000u\000r\000a\000\040\000s\000t\000r\000o\000k\000o\000v\000n\000i\000h\000\040\000b\000e\000s\000e\000d\000i\000l}{}% 13
\BOOKMARK [0][-]{chapter.11}{\376\377\000P\000o\000g\000o\000s\000t\000e\000\040\000n\000a\000p\000a\000k\000e\000\040\000p\000r\000i\000\040\000p\000i\000s\000a\000n\000j\000u\000\040\000v\000\040\000s\000l\000o\000v\000e\000n\001\141\001\015\000i\000n\000i}{}% 14
\BOOKMARK [0][-]{chapter.12}{\376\377\000K\000o\000r\000i\000s\000t\000n\000i\000\040\000n\000a\000s\000v\000e\000t\000i\000\040\000p\000r\000i\000\040\000p\000i\000s\000a\000n\000j\000u\000\040\000v\000\040\000L\000a\000T\000e\000X\000u}{}% 15
\BOOKMARK [1][-]{section.12.1}{\376\377\000P\000i\000s\000a\000v\000e\000\040\000v\000\040\000L\000a\000T\000e\000X\000u}{chapter.12}% 16
\BOOKMARK [0][-]{chapter.13}{\376\377\000K\000a\000j\000\040\000p\000a\000\040\000l\000i\000t\000e\000r\000a\000t\000u\000r\000a\000?}{}% 17
\BOOKMARK [1][-]{section.13.1}{\376\377\000I\000z\000b\000i\000r\000a\000n\000j\000e\000\040\000v\000i\000r\000o\000v\000\040\000z\000a\000\040\000s\000p\000i\000s\000e\000k\000\040\000l\000i\000t\000e\000r\000a\000t\000u\000r\000e}{chapter.13}% 18
\BOOKMARK [0][-]{chapter.14}{\376\377\000S\000i\000s\000t\000e\000m\000\040\000S\000T\000U\000D\000I\000S\000\040\000i\000n\000\040\000P\000D\000F\000/\000A}{}% 19
\BOOKMARK [0][-]{chapter.15}{\376\377\000S\000k\000l\000e\000p\000n\000e\000\040\000u\000g\000o\000t\000o\000v\000i\000t\000v\000e}{}% 20
\BOOKMARK [0][-]{chapter.15}{\376\377\000L\000i\000t\000e\000r\000a\000t\000u\000r\000a}{}% 21
